<?xml version="1.0" encoding="UTF-8"?>
<testng-results ignored="0" total="2" passed="2" failed="0" skipped="0">
  <reporter-output>
  </reporter-output>
  <suite started-at="2023-01-09T17:15:54 IST" name="Suite" finished-at="2023-01-09T17:16:47 IST" duration-ms="53020">
    <groups>
    </groups>
    <test started-at="2023-01-09T17:15:54 IST" name="Test" finished-at="2023-01-09T17:16:47 IST" duration-ms="53020">
      <class name="com.bag.bagTest">
        <test-method is-config="true" signature="setup()[pri:0, instance:com.bag.bagTest@38cee291]" started-at="2023-01-09T17:16:33 IST" name="setup" finished-at="2023-01-09T17:16:37 IST" duration-ms="4093" status="PASS">
          <reporter-output>
          </reporter-output>
        </test-method> <!-- setup -->
        <test-method signature="verifyBag()[pri:0, instance:com.bag.bagTest@38cee291]" started-at="2023-01-09T17:16:37 IST" name="verifyBag" finished-at="2023-01-09T17:16:47 IST" duration-ms="9874" status="PASS">
          <reporter-output>
          </reporter-output>
        </test-method> <!-- verifyBag -->
        <test-method is-config="true" signature="tearDown()[pri:0, instance:com.bag.bagTest@38cee291]" started-at="2023-01-09T17:16:47 IST" name="tearDown" finished-at="2023-01-09T17:16:47 IST" duration-ms="242" status="PASS">
          <reporter-output>
          </reporter-output>
        </test-method> <!-- tearDown -->
      </class> <!-- com.bag.bagTest -->
      <class name="com.login.loginTest">
        <test-method is-config="true" signature="setup()[pri:0, instance:com.login.loginTest@47d9a273]" started-at="2023-01-09T17:15:54 IST" name="setup" finished-at="2023-01-09T17:15:58 IST" duration-ms="4416" status="PASS">
          <reporter-output>
          </reporter-output>
        </test-method> <!-- setup -->
        <test-method signature="verifyLogin()[pri:0, instance:com.login.loginTest@47d9a273]" started-at="2023-01-09T17:15:58 IST" name="verifyLogin" finished-at="2023-01-09T17:16:32 IST" duration-ms="34045" status="PASS">
          <reporter-output>
          </reporter-output>
        </test-method> <!-- verifyLogin -->
        <test-method is-config="true" signature="tearDown()[pri:0, instance:com.login.loginTest@47d9a273]" started-at="2023-01-09T17:16:32 IST" name="tearDown" finished-at="2023-01-09T17:16:33 IST" duration-ms="310" status="PASS">
          <reporter-output>
          </reporter-output>
        </test-method> <!-- tearDown -->
      </class> <!-- com.login.loginTest -->
    </test> <!-- Test -->
  </suite> <!-- Suite -->
</testng-results>
